Compiling the C compiler identification source file "CMakeCCompilerId.c" failed.
Compiler: cl 
Build flags: 
Id flags: 

The output was:
The system cannot find the file specified


Compiling the C compiler identification source file "CMakeCCompilerId.c" failed.
Compiler: cl 
Build flags: 
Id flags: -c

The output was:
The system cannot find the file specified


Compiling the C compiler identification source file "CMakeCCompilerId.c" failed.
Compiler: cl 
Build flags: 
Id flags: -Aa

The output was:
The system cannot find the file specified


Compiling the CXX compiler identification source file "CMakeCXXCompilerId.cpp" failed.
Compiler: cl 
Build flags: 
Id flags: 

The output was:
The system cannot find the file specified


Compiling the CXX compiler identification source file "CMakeCXXCompilerId.cpp" failed.
Compiler: cl 
Build flags: 
Id flags: -c

The output was:
The system cannot find the file specified


Determining the version of compiler failed with the following output:
CreateProcessError: The system cannot find the file specified.

for command: cl /nologo -EP "C:\Program Files\CMake 2.8\share\cmake-2.8\Modules\CMakeTestNMakeCLVersion.c"

Determining if this is a free VC compiler failed with the following output:
CreateProcessError: The system cannot find the file specified.

for command: cl /nologo /MD /EHsc "C:\Program Files\CMake 2.8\share\cmake-2.8\Modules\CMakeTestForFreeVC.cxx" 
in dir: D:/lang/OpenCV-2.2.0/dbg-w32/CMakeFiles/CMakeTmp2

Determining if the C compiler works failed with the following output:


